<?xml version="1.0" encoding="UTF-8"?>
<testsuite name="com.madhu.practice.math.PrimeNumberTest" tests="1" skipped="0" failures="0" errors="0" timestamp="2022-03-18T14:32:59" hostname="MADHURENDLA" time="0.023">
  <properties/>
  <testcase name="testIdentifyPrimeNumbers()" classname="com.madhu.practice.math.PrimeNumberTest" time="0.023"/>
  <system-out><![CDATA[intArray : 5
integers : 0
[I@5797ebc0
]]></system-out>
  <system-err><![CDATA[]]></system-err>
</testsuite>
