<?xml version="1.0" encoding="UTF-8"?>
<testsuite name="com.madhu.practice.math.LeastCommonMultipleTest" tests="4" skipped="0" failures="0" errors="0" timestamp="2022-01-15T15:36:40" hostname="MADHURENDLA" time="0.079">
  <properties/>
  <testcase name="allOutValuesAreSameTrue()" classname="com.madhu.practice.math.LeastCommonMultipleTest" time="0.019"/>
  <testcase name="testFindLCM()" classname="com.madhu.practice.math.LeastCommonMultipleTest" time="0.055"/>
  <testcase name="findLCM()" classname="com.madhu.practice.math.LeastCommonMultipleTest" time="0.0"/>
  <testcase name="allOutValuesAreSameFalse()" classname="com.madhu.practice.math.LeastCommonMultipleTest" time="0.002"/>
  <system-out><![CDATA[{2={1=2}, 3={1=3}, 4={1=4}, 5={1=5}, 6={1=6}}
iteration  : 1
current masterMap : {2={1=2}, 3={1=3}, 4={1=4}, 5={1=5}, 6={1=6}}
leastOutputValueOfAll : 2
master map inside for each loop : {2={2=4}, 3={1=3}, 4={1=4}, 5={1=5}, 6={1=6}}
leastOutputValueOfAll : 3
master map inside for each loop : {2={2=4}, 3={2=6}, 4={1=4}, 5={1=5}, 6={1=6}}
leastOutputValueOfAll : 4
master map inside for each loop : {2={2=4}, 3={2=6}, 4={2=8}, 5={1=5}, 6={1=6}}
leastOutputValueOfAll : 4
master map inside for each loop : {2={2=4}, 3={2=6}, 4={2=8}, 5={1=5}, 6={1=6}}
leastOutputValueOfAll : 4
master map inside for each loop : {2={2=4}, 3={2=6}, 4={2=8}, 5={1=5}, 6={1=6}}
iteration  : 2
current masterMap : {2={2=4}, 3={2=6}, 4={2=8}, 5={1=5}, 6={1=6}}
leastOutputValueOfAll : 4
master map inside for each loop : {2={3=6}, 3={2=6}, 4={2=8}, 5={1=5}, 6={1=6}}
leastOutputValueOfAll : 5
master map inside for each loop : {2={3=6}, 3={2=6}, 4={2=8}, 5={1=5}, 6={1=6}}
leastOutputValueOfAll : 5
master map inside for each loop : {2={3=6}, 3={2=6}, 4={2=8}, 5={1=5}, 6={1=6}}
leastOutputValueOfAll : 5
master map inside for each loop : {2={3=6}, 3={2=6}, 4={2=8}, 5={2=10}, 6={1=6}}
leastOutputValueOfAll : 6
master map inside for each loop : {2={3=6}, 3={2=6}, 4={2=8}, 5={2=10}, 6={2=12}}
iteration  : 3
current masterMap : {2={3=6}, 3={2=6}, 4={2=8}, 5={2=10}, 6={2=12}}
leastOutputValueOfAll : 6
master map inside for each loop : {2={4=8}, 3={2=6}, 4={2=8}, 5={2=10}, 6={2=12}}
leastOutputValueOfAll : 6
master map inside for each loop : {2={4=8}, 3={3=9}, 4={2=8}, 5={2=10}, 6={2=12}}
leastOutputValueOfAll : 8
master map inside for each loop : {2={4=8}, 3={3=9}, 4={3=12}, 5={2=10}, 6={2=12}}
leastOutputValueOfAll : 8
master map inside for each loop : {2={4=8}, 3={3=9}, 4={3=12}, 5={2=10}, 6={2=12}}
leastOutputValueOfAll : 8
master map inside for each loop : {2={4=8}, 3={3=9}, 4={3=12}, 5={2=10}, 6={2=12}}
iteration  : 4
current masterMap : {2={4=8}, 3={3=9}, 4={3=12}, 5={2=10}, 6={2=12}}
leastOutputValueOfAll : 8
master map inside for each loop : {2={5=10}, 3={3=9}, 4={3=12}, 5={2=10}, 6={2=12}}
leastOutputValueOfAll : 9
master map inside for each loop : {2={5=10}, 3={4=12}, 4={3=12}, 5={2=10}, 6={2=12}}
leastOutputValueOfAll : 10
master map inside for each loop : {2={5=10}, 3={4=12}, 4={3=12}, 5={2=10}, 6={2=12}}
leastOutputValueOfAll : 10
master map inside for each loop : {2={5=10}, 3={4=12}, 4={3=12}, 5={3=15}, 6={2=12}}
leastOutputValueOfAll : 10
master map inside for each loop : {2={5=10}, 3={4=12}, 4={3=12}, 5={3=15}, 6={2=12}}
iteration  : 5
current masterMap : {2={5=10}, 3={4=12}, 4={3=12}, 5={3=15}, 6={2=12}}
leastOutputValueOfAll : 10
master map inside for each loop : {2={6=12}, 3={4=12}, 4={3=12}, 5={3=15}, 6={2=12}}
leastOutputValueOfAll : 12
master map inside for each loop : {2={6=12}, 3={5=15}, 4={3=12}, 5={3=15}, 6={2=12}}
leastOutputValueOfAll : 12
master map inside for each loop : {2={6=12}, 3={5=15}, 4={4=16}, 5={3=15}, 6={2=12}}
leastOutputValueOfAll : 12
master map inside for each loop : {2={6=12}, 3={5=15}, 4={4=16}, 5={3=15}, 6={2=12}}
leastOutputValueOfAll : 12
master map inside for each loop : {2={6=12}, 3={5=15}, 4={4=16}, 5={3=15}, 6={3=18}}
iteration  : 6
current masterMap : {2={6=12}, 3={5=15}, 4={4=16}, 5={3=15}, 6={3=18}}
leastOutputValueOfAll : 12
master map inside for each loop : {2={7=14}, 3={5=15}, 4={4=16}, 5={3=15}, 6={3=18}}
leastOutputValueOfAll : 14
master map inside for each loop : {2={7=14}, 3={5=15}, 4={4=16}, 5={3=15}, 6={3=18}}
leastOutputValueOfAll : 14
master map inside for each loop : {2={7=14}, 3={5=15}, 4={4=16}, 5={3=15}, 6={3=18}}
leastOutputValueOfAll : 14
master map inside for each loop : {2={7=14}, 3={5=15}, 4={4=16}, 5={3=15}, 6={3=18}}
leastOutputValueOfAll : 14
master map inside for each loop : {2={7=14}, 3={5=15}, 4={4=16}, 5={3=15}, 6={3=18}}
iteration  : 7
current masterMap : {2={7=14}, 3={5=15}, 4={4=16}, 5={3=15}, 6={3=18}}
leastOutputValueOfAll : 14
master map inside for each loop : {2={8=16}, 3={5=15}, 4={4=16}, 5={3=15}, 6={3=18}}
leastOutputValueOfAll : 15
master map inside for each loop : {2={8=16}, 3={6=18}, 4={4=16}, 5={3=15}, 6={3=18}}
leastOutputValueOfAll : 15
master map inside for each loop : {2={8=16}, 3={6=18}, 4={4=16}, 5={3=15}, 6={3=18}}
leastOutputValueOfAll : 15
master map inside for each loop : {2={8=16}, 3={6=18}, 4={4=16}, 5={4=20}, 6={3=18}}
leastOutputValueOfAll : 16
master map inside for each loop : {2={8=16}, 3={6=18}, 4={4=16}, 5={4=20}, 6={3=18}}
iteration  : 8
current masterMap : {2={8=16}, 3={6=18}, 4={4=16}, 5={4=20}, 6={3=18}}
leastOutputValueOfAll : 16
master map inside for each loop : {2={9=18}, 3={6=18}, 4={4=16}, 5={4=20}, 6={3=18}}
leastOutputValueOfAll : 16
master map inside for each loop : {2={9=18}, 3={6=18}, 4={4=16}, 5={4=20}, 6={3=18}}
leastOutputValueOfAll : 16
master map inside for each loop : {2={9=18}, 3={6=18}, 4={5=20}, 5={4=20}, 6={3=18}}
leastOutputValueOfAll : 18
master map inside for each loop : {2={9=18}, 3={6=18}, 4={5=20}, 5={4=20}, 6={3=18}}
leastOutputValueOfAll : 18
master map inside for each loop : {2={9=18}, 3={6=18}, 4={5=20}, 5={4=20}, 6={4=24}}
iteration  : 9
current masterMap : {2={9=18}, 3={6=18}, 4={5=20}, 5={4=20}, 6={4=24}}
leastOutputValueOfAll : 18
master map inside for each loop : {2={10=20}, 3={6=18}, 4={5=20}, 5={4=20}, 6={4=24}}
leastOutputValueOfAll : 18
master map inside for each loop : {2={10=20}, 3={7=21}, 4={5=20}, 5={4=20}, 6={4=24}}
leastOutputValueOfAll : 20
master map inside for each loop : {2={10=20}, 3={7=21}, 4={6=24}, 5={4=20}, 6={4=24}}
leastOutputValueOfAll : 20
master map inside for each loop : {2={10=20}, 3={7=21}, 4={6=24}, 5={5=25}, 6={4=24}}
leastOutputValueOfAll : 20
master map inside for each loop : {2={10=20}, 3={7=21}, 4={6=24}, 5={5=25}, 6={4=24}}
iteration  : 10
current masterMap : {2={10=20}, 3={7=21}, 4={6=24}, 5={5=25}, 6={4=24}}
leastOutputValueOfAll : 20
master map inside for each loop : {2={11=22}, 3={7=21}, 4={6=24}, 5={5=25}, 6={4=24}}
leastOutputValueOfAll : 21
master map inside for each loop : {2={11=22}, 3={8=24}, 4={6=24}, 5={5=25}, 6={4=24}}
leastOutputValueOfAll : 22
master map inside for each loop : {2={11=22}, 3={8=24}, 4={6=24}, 5={5=25}, 6={4=24}}
leastOutputValueOfAll : 22
master map inside for each loop : {2={11=22}, 3={8=24}, 4={6=24}, 5={5=25}, 6={4=24}}
leastOutputValueOfAll : 22
master map inside for each loop : {2={11=22}, 3={8=24}, 4={6=24}, 5={5=25}, 6={4=24}}
iteration  : 11
current masterMap : {2={11=22}, 3={8=24}, 4={6=24}, 5={5=25}, 6={4=24}}
leastOutputValueOfAll : 22
master map inside for each loop : {2={12=24}, 3={8=24}, 4={6=24}, 5={5=25}, 6={4=24}}
leastOutputValueOfAll : 24
master map inside for each loop : {2={12=24}, 3={9=27}, 4={6=24}, 5={5=25}, 6={4=24}}
leastOutputValueOfAll : 24
master map inside for each loop : {2={12=24}, 3={9=27}, 4={7=28}, 5={5=25}, 6={4=24}}
leastOutputValueOfAll : 24
master map inside for each loop : {2={12=24}, 3={9=27}, 4={7=28}, 5={5=25}, 6={4=24}}
leastOutputValueOfAll : 24
master map inside for each loop : {2={12=24}, 3={9=27}, 4={7=28}, 5={5=25}, 6={5=30}}
iteration  : 12
current masterMap : {2={12=24}, 3={9=27}, 4={7=28}, 5={5=25}, 6={5=30}}
leastOutputValueOfAll : 24
master map inside for each loop : {2={13=26}, 3={9=27}, 4={7=28}, 5={5=25}, 6={5=30}}
leastOutputValueOfAll : 25
master map inside for each loop : {2={13=26}, 3={9=27}, 4={7=28}, 5={5=25}, 6={5=30}}
leastOutputValueOfAll : 25
master map inside for each loop : {2={13=26}, 3={9=27}, 4={7=28}, 5={5=25}, 6={5=30}}
leastOutputValueOfAll : 25
master map inside for each loop : {2={13=26}, 3={9=27}, 4={7=28}, 5={6=30}, 6={5=30}}
leastOutputValueOfAll : 26
master map inside for each loop : {2={13=26}, 3={9=27}, 4={7=28}, 5={6=30}, 6={5=30}}
iteration  : 13
current masterMap : {2={13=26}, 3={9=27}, 4={7=28}, 5={6=30}, 6={5=30}}
leastOutputValueOfAll : 26
master map inside for each loop : {2={14=28}, 3={9=27}, 4={7=28}, 5={6=30}, 6={5=30}}
leastOutputValueOfAll : 27
master map inside for each loop : {2={14=28}, 3={10=30}, 4={7=28}, 5={6=30}, 6={5=30}}
leastOutputValueOfAll : 28
master map inside for each loop : {2={14=28}, 3={10=30}, 4={8=32}, 5={6=30}, 6={5=30}}
leastOutputValueOfAll : 28
master map inside for each loop : {2={14=28}, 3={10=30}, 4={8=32}, 5={6=30}, 6={5=30}}
leastOutputValueOfAll : 28
master map inside for each loop : {2={14=28}, 3={10=30}, 4={8=32}, 5={6=30}, 6={5=30}}
iteration  : 14
current masterMap : {2={14=28}, 3={10=30}, 4={8=32}, 5={6=30}, 6={5=30}}
leastOutputValueOfAll : 28
master map inside for each loop : {2={15=30}, 3={10=30}, 4={8=32}, 5={6=30}, 6={5=30}}
leastOutputValueOfAll : 30
master map inside for each loop : {2={15=30}, 3={11=33}, 4={8=32}, 5={6=30}, 6={5=30}}
leastOutputValueOfAll : 30
master map inside for each loop : {2={15=30}, 3={11=33}, 4={8=32}, 5={6=30}, 6={5=30}}
leastOutputValueOfAll : 30
master map inside for each loop : {2={15=30}, 3={11=33}, 4={8=32}, 5={7=35}, 6={5=30}}
leastOutputValueOfAll : 30
master map inside for each loop : {2={15=30}, 3={11=33}, 4={8=32}, 5={7=35}, 6={6=36}}
iteration  : 15
current masterMap : {2={15=30}, 3={11=33}, 4={8=32}, 5={7=35}, 6={6=36}}
leastOutputValueOfAll : 30
master map inside for each loop : {2={16=32}, 3={11=33}, 4={8=32}, 5={7=35}, 6={6=36}}
leastOutputValueOfAll : 32
master map inside for each loop : {2={16=32}, 3={11=33}, 4={8=32}, 5={7=35}, 6={6=36}}
leastOutputValueOfAll : 32
master map inside for each loop : {2={16=32}, 3={11=33}, 4={9=36}, 5={7=35}, 6={6=36}}
leastOutputValueOfAll : 32
master map inside for each loop : {2={16=32}, 3={11=33}, 4={9=36}, 5={7=35}, 6={6=36}}
leastOutputValueOfAll : 32
master map inside for each loop : {2={16=32}, 3={11=33}, 4={9=36}, 5={7=35}, 6={6=36}}
iteration  : 16
current masterMap : {2={16=32}, 3={11=33}, 4={9=36}, 5={7=35}, 6={6=36}}
leastOutputValueOfAll : 32
master map inside for each loop : {2={17=34}, 3={11=33}, 4={9=36}, 5={7=35}, 6={6=36}}
leastOutputValueOfAll : 33
master map inside for each loop : {2={17=34}, 3={12=36}, 4={9=36}, 5={7=35}, 6={6=36}}
leastOutputValueOfAll : 34
master map inside for each loop : {2={17=34}, 3={12=36}, 4={9=36}, 5={7=35}, 6={6=36}}
leastOutputValueOfAll : 34
master map inside for each loop : {2={17=34}, 3={12=36}, 4={9=36}, 5={7=35}, 6={6=36}}
leastOutputValueOfAll : 34
master map inside for each loop : {2={17=34}, 3={12=36}, 4={9=36}, 5={7=35}, 6={6=36}}
iteration  : 17
current masterMap : {2={17=34}, 3={12=36}, 4={9=36}, 5={7=35}, 6={6=36}}
leastOutputValueOfAll : 34
master map inside for each loop : {2={18=36}, 3={12=36}, 4={9=36}, 5={7=35}, 6={6=36}}
leastOutputValueOfAll : 35
master map inside for each loop : {2={18=36}, 3={12=36}, 4={9=36}, 5={7=35}, 6={6=36}}
leastOutputValueOfAll : 35
master map inside for each loop : {2={18=36}, 3={12=36}, 4={9=36}, 5={7=35}, 6={6=36}}
leastOutputValueOfAll : 35
master map inside for each loop : {2={18=36}, 3={12=36}, 4={9=36}, 5={8=40}, 6={6=36}}
leastOutputValueOfAll : 36
master map inside for each loop : {2={18=36}, 3={12=36}, 4={9=36}, 5={8=40}, 6={7=42}}
iteration  : 18
current masterMap : {2={18=36}, 3={12=36}, 4={9=36}, 5={8=40}, 6={7=42}}
leastOutputValueOfAll : 36
master map inside for each loop : {2={19=38}, 3={12=36}, 4={9=36}, 5={8=40}, 6={7=42}}
leastOutputValueOfAll : 36
master map inside for each loop : {2={19=38}, 3={13=39}, 4={9=36}, 5={8=40}, 6={7=42}}
leastOutputValueOfAll : 36
master map inside for each loop : {2={19=38}, 3={13=39}, 4={10=40}, 5={8=40}, 6={7=42}}
leastOutputValueOfAll : 38
master map inside for each loop : {2={19=38}, 3={13=39}, 4={10=40}, 5={8=40}, 6={7=42}}
leastOutputValueOfAll : 38
master map inside for each loop : {2={19=38}, 3={13=39}, 4={10=40}, 5={8=40}, 6={7=42}}
iteration  : 19
current masterMap : {2={19=38}, 3={13=39}, 4={10=40}, 5={8=40}, 6={7=42}}
leastOutputValueOfAll : 38
master map inside for each loop : {2={20=40}, 3={13=39}, 4={10=40}, 5={8=40}, 6={7=42}}
leastOutputValueOfAll : 39
master map inside for each loop : {2={20=40}, 3={14=42}, 4={10=40}, 5={8=40}, 6={7=42}}
leastOutputValueOfAll : 40
master map inside for each loop : {2={20=40}, 3={14=42}, 4={11=44}, 5={8=40}, 6={7=42}}
leastOutputValueOfAll : 40
master map inside for each loop : {2={20=40}, 3={14=42}, 4={11=44}, 5={9=45}, 6={7=42}}
leastOutputValueOfAll : 40
master map inside for each loop : {2={20=40}, 3={14=42}, 4={11=44}, 5={9=45}, 6={7=42}}
iteration  : 20
current masterMap : {2={20=40}, 3={14=42}, 4={11=44}, 5={9=45}, 6={7=42}}
leastOutputValueOfAll : 40
master map inside for each loop : {2={21=42}, 3={14=42}, 4={11=44}, 5={9=45}, 6={7=42}}
leastOutputValueOfAll : 42
master map inside for each loop : {2={21=42}, 3={15=45}, 4={11=44}, 5={9=45}, 6={7=42}}
leastOutputValueOfAll : 42
master map inside for each loop : {2={21=42}, 3={15=45}, 4={11=44}, 5={9=45}, 6={7=42}}
leastOutputValueOfAll : 42
master map inside for each loop : {2={21=42}, 3={15=45}, 4={11=44}, 5={9=45}, 6={7=42}}
leastOutputValueOfAll : 42
master map inside for each loop : {2={21=42}, 3={15=45}, 4={11=44}, 5={9=45}, 6={8=48}}
iteration  : 21
current masterMap : {2={21=42}, 3={15=45}, 4={11=44}, 5={9=45}, 6={8=48}}
leastOutputValueOfAll : 42
master map inside for each loop : {2={22=44}, 3={15=45}, 4={11=44}, 5={9=45}, 6={8=48}}
leastOutputValueOfAll : 44
master map inside for each loop : {2={22=44}, 3={15=45}, 4={11=44}, 5={9=45}, 6={8=48}}
leastOutputValueOfAll : 44
master map inside for each loop : {2={22=44}, 3={15=45}, 4={12=48}, 5={9=45}, 6={8=48}}
leastOutputValueOfAll : 44
master map inside for each loop : {2={22=44}, 3={15=45}, 4={12=48}, 5={9=45}, 6={8=48}}
leastOutputValueOfAll : 44
master map inside for each loop : {2={22=44}, 3={15=45}, 4={12=48}, 5={9=45}, 6={8=48}}
iteration  : 22
current masterMap : {2={22=44}, 3={15=45}, 4={12=48}, 5={9=45}, 6={8=48}}
leastOutputValueOfAll : 44
master map inside for each loop : {2={23=46}, 3={15=45}, 4={12=48}, 5={9=45}, 6={8=48}}
leastOutputValueOfAll : 45
master map inside for each loop : {2={23=46}, 3={16=48}, 4={12=48}, 5={9=45}, 6={8=48}}
leastOutputValueOfAll : 45
master map inside for each loop : {2={23=46}, 3={16=48}, 4={12=48}, 5={9=45}, 6={8=48}}
leastOutputValueOfAll : 45
master map inside for each loop : {2={23=46}, 3={16=48}, 4={12=48}, 5={10=50}, 6={8=48}}
leastOutputValueOfAll : 46
master map inside for each loop : {2={23=46}, 3={16=48}, 4={12=48}, 5={10=50}, 6={8=48}}
iteration  : 23
current masterMap : {2={23=46}, 3={16=48}, 4={12=48}, 5={10=50}, 6={8=48}}
leastOutputValueOfAll : 46
master map inside for each loop : {2={24=48}, 3={16=48}, 4={12=48}, 5={10=50}, 6={8=48}}
leastOutputValueOfAll : 48
master map inside for each loop : {2={24=48}, 3={17=51}, 4={12=48}, 5={10=50}, 6={8=48}}
leastOutputValueOfAll : 48
master map inside for each loop : {2={24=48}, 3={17=51}, 4={13=52}, 5={10=50}, 6={8=48}}
leastOutputValueOfAll : 48
master map inside for each loop : {2={24=48}, 3={17=51}, 4={13=52}, 5={10=50}, 6={8=48}}
leastOutputValueOfAll : 48
master map inside for each loop : {2={24=48}, 3={17=51}, 4={13=52}, 5={10=50}, 6={9=54}}
iteration  : 24
current masterMap : {2={24=48}, 3={17=51}, 4={13=52}, 5={10=50}, 6={9=54}}
leastOutputValueOfAll : 48
master map inside for each loop : {2={25=50}, 3={17=51}, 4={13=52}, 5={10=50}, 6={9=54}}
leastOutputValueOfAll : 50
master map inside for each loop : {2={25=50}, 3={17=51}, 4={13=52}, 5={10=50}, 6={9=54}}
leastOutputValueOfAll : 50
master map inside for each loop : {2={25=50}, 3={17=51}, 4={13=52}, 5={10=50}, 6={9=54}}
leastOutputValueOfAll : 50
master map inside for each loop : {2={25=50}, 3={17=51}, 4={13=52}, 5={11=55}, 6={9=54}}
leastOutputValueOfAll : 50
master map inside for each loop : {2={25=50}, 3={17=51}, 4={13=52}, 5={11=55}, 6={9=54}}
iteration  : 25
current masterMap : {2={25=50}, 3={17=51}, 4={13=52}, 5={11=55}, 6={9=54}}
leastOutputValueOfAll : 50
master map inside for each loop : {2={26=52}, 3={17=51}, 4={13=52}, 5={11=55}, 6={9=54}}
leastOutputValueOfAll : 51
master map inside for each loop : {2={26=52}, 3={18=54}, 4={13=52}, 5={11=55}, 6={9=54}}
leastOutputValueOfAll : 52
master map inside for each loop : {2={26=52}, 3={18=54}, 4={14=56}, 5={11=55}, 6={9=54}}
leastOutputValueOfAll : 52
master map inside for each loop : {2={26=52}, 3={18=54}, 4={14=56}, 5={11=55}, 6={9=54}}
leastOutputValueOfAll : 52
master map inside for each loop : {2={26=52}, 3={18=54}, 4={14=56}, 5={11=55}, 6={9=54}}
iteration  : 26
current masterMap : {2={26=52}, 3={18=54}, 4={14=56}, 5={11=55}, 6={9=54}}
leastOutputValueOfAll : 52
master map inside for each loop : {2={27=54}, 3={18=54}, 4={14=56}, 5={11=55}, 6={9=54}}
leastOutputValueOfAll : 54
master map inside for each loop : {2={27=54}, 3={19=57}, 4={14=56}, 5={11=55}, 6={9=54}}
leastOutputValueOfAll : 54
master map inside for each loop : {2={27=54}, 3={19=57}, 4={14=56}, 5={11=55}, 6={9=54}}
leastOutputValueOfAll : 54
master map inside for each loop : {2={27=54}, 3={19=57}, 4={14=56}, 5={11=55}, 6={9=54}}
leastOutputValueOfAll : 54
master map inside for each loop : {2={27=54}, 3={19=57}, 4={14=56}, 5={11=55}, 6={10=60}}
iteration  : 27
current masterMap : {2={27=54}, 3={19=57}, 4={14=56}, 5={11=55}, 6={10=60}}
leastOutputValueOfAll : 54
master map inside for each loop : {2={28=56}, 3={19=57}, 4={14=56}, 5={11=55}, 6={10=60}}
leastOutputValueOfAll : 55
master map inside for each loop : {2={28=56}, 3={19=57}, 4={14=56}, 5={11=55}, 6={10=60}}
leastOutputValueOfAll : 55
master map inside for each loop : {2={28=56}, 3={19=57}, 4={14=56}, 5={11=55}, 6={10=60}}
leastOutputValueOfAll : 55
master map inside for each loop : {2={28=56}, 3={19=57}, 4={14=56}, 5={12=60}, 6={10=60}}
leastOutputValueOfAll : 56
master map inside for each loop : {2={28=56}, 3={19=57}, 4={14=56}, 5={12=60}, 6={10=60}}
iteration  : 28
current masterMap : {2={28=56}, 3={19=57}, 4={14=56}, 5={12=60}, 6={10=60}}
leastOutputValueOfAll : 56
master map inside for each loop : {2={29=58}, 3={19=57}, 4={14=56}, 5={12=60}, 6={10=60}}
leastOutputValueOfAll : 56
master map inside for each loop : {2={29=58}, 3={19=57}, 4={14=56}, 5={12=60}, 6={10=60}}
leastOutputValueOfAll : 56
master map inside for each loop : {2={29=58}, 3={19=57}, 4={15=60}, 5={12=60}, 6={10=60}}
leastOutputValueOfAll : 57
master map inside for each loop : {2={29=58}, 3={19=57}, 4={15=60}, 5={12=60}, 6={10=60}}
leastOutputValueOfAll : 57
master map inside for each loop : {2={29=58}, 3={19=57}, 4={15=60}, 5={12=60}, 6={10=60}}
iteration  : 29
current masterMap : {2={29=58}, 3={19=57}, 4={15=60}, 5={12=60}, 6={10=60}}
leastOutputValueOfAll : 57
master map inside for each loop : {2={29=58}, 3={19=57}, 4={15=60}, 5={12=60}, 6={10=60}}
leastOutputValueOfAll : 57
master map inside for each loop : {2={29=58}, 3={20=60}, 4={15=60}, 5={12=60}, 6={10=60}}
leastOutputValueOfAll : 58
master map inside for each loop : {2={29=58}, 3={20=60}, 4={15=60}, 5={12=60}, 6={10=60}}
leastOutputValueOfAll : 58
master map inside for each loop : {2={29=58}, 3={20=60}, 4={15=60}, 5={12=60}, 6={10=60}}
leastOutputValueOfAll : 58
master map inside for each loop : {2={29=58}, 3={20=60}, 4={15=60}, 5={12=60}, 6={10=60}}
iteration  : 30
current masterMap : {2={29=58}, 3={20=60}, 4={15=60}, 5={12=60}, 6={10=60}}
leastOutputValueOfAll : 58
master map inside for each loop : {2={30=60}, 3={20=60}, 4={15=60}, 5={12=60}, 6={10=60}}
]]></system-out>
  <system-err><![CDATA[]]></system-err>
</testsuite>
